<?xml version="1.0" encoding="UTF-8"?>
<!-- Generated by org.testng.reporters.JUnitReportReporter -->
<testsuite skipped="0" hostname="MIRHUQUE74C0" name="demo.runner.SauceRunner" tests="4" failures="0" timestamp="11 Dec 2021 04:20:50 GMT" time="30.245" errors="0">
  <testcase name="runScenario" time="6.364" classname="demo.runner.SauceRunner"/>
  <testcase name="runScenario" time="7.471" classname="demo.runner.SauceRunner"/>
  <testcase name="runScenario" time="8.641" classname="demo.runner.SauceRunner"/>
  <testcase name="runScenario" time="7.769" classname="demo.runner.SauceRunner"/>
</testsuite> <!-- demo.runner.SauceRunner -->
