<?xml version="1.0" encoding="UTF-8"?>
<!-- Generated by org.testng.reporters.JUnitReportReporter -->
<testsuite skipped="0" hostname="MIRHUQUE74C0" name="demo.runner.SauceRunner" tests="4" failures="0" timestamp="11 Dec 2021 04:34:54 GMT" time="26.411" errors="0">
  <testcase name="runScenario" time="6.130" classname="demo.runner.SauceRunner"/>
  <testcase name="runScenario" time="6.693" classname="demo.runner.SauceRunner"/>
  <testcase name="runScenario" time="6.332" classname="demo.runner.SauceRunner"/>
  <testcase name="runScenario" time="7.256" classname="demo.runner.SauceRunner"/>
</testsuite> <!-- demo.runner.SauceRunner -->
